Determining if the pthread_create exist failed with the following output:
Change Dir: /home/ht/slambook/ch6/ceres_curve_fitting/build/CMakeFiles/CMakeTmp

Run Build Command:"/usr/bin/make" "cmTC_1fb86/fast"
make[1]: Entering directory '/home/ht/slambook/ch6/ceres_curve_fitting/build/CMakeFiles/CMakeTmp'
/usr/bin/make -f CMakeFiles/cmTC_1fb86.dir/build.make CMakeFiles/cmTC_1fb86.dir/build
make[2]: Entering directory '/home/ht/slambook/ch6/ceres_curve_fitting/build/CMakeFiles/CMakeTmp'
Building C object CMakeFiles/cmTC_1fb86.dir/CheckSymbolExists.c.o
/usr/bin/cc     -o CMakeFiles/cmTC_1fb86.dir/CheckSymbolExists.c.o   -c /home/ht/slambook/ch6/ceres_curve_fitting/build/CMakeFiles/CMakeTmp/CheckSymbolExists.c
Linking C executable cmTC_1fb86
/usr/bin/cmake -E cmake_link_script CMakeFiles/cmTC_1fb86.dir/link.txt --verbose=1
/usr/bin/cc       CMakeFiles/cmTC_1fb86.dir/CheckSymbolExists.c.o  -o cmTC_1fb86 -rdynamic 
CMakeFiles/cmTC_1fb86.dir/CheckSymbolExists.c.o: In function `main':
CheckSymbolExists.c:(.text+0x16): undefined reference to `pthread_create'
collect2: error: ld returned 1 exit status
CMakeFiles/cmTC_1fb86.dir/build.make:97: recipe for target 'cmTC_1fb86' failed
make[2]: *** [cmTC_1fb86] Error 1
make[2]: Leaving directory '/home/ht/slambook/ch6/ceres_curve_fitting/build/CMakeFiles/CMakeTmp'
Makefile:126: recipe for target 'cmTC_1fb86/fast' failed
make[1]: *** [cmTC_1fb86/fast] Error 2
make[1]: Leaving directory '/home/ht/slambook/ch6/ceres_curve_fitting/build/CMakeFiles/CMakeTmp'

File /home/ht/slambook/ch6/ceres_curve_fitting/build/CMakeFiles/CMakeTmp/CheckSymbolExists.c:
/* */
#include <pthread.h>

int main(int argc, char** argv)
{
  (void)argv;
#ifndef pthread_create
  return ((int*)(&pthread_create))[argc];
#else
  (void)argc;
  return 0;
#endif
}

Determining if the function pthread_create exists in the pthreads failed with the following output:
Change Dir: /home/ht/slambook/ch6/ceres_curve_fitting/build/CMakeFiles/CMakeTmp

Run Build Command:"/usr/bin/make" "cmTC_31d49/fast"
make[1]: Entering directory '/home/ht/slambook/ch6/ceres_curve_fitting/build/CMakeFiles/CMakeTmp'
/usr/bin/make -f CMakeFiles/cmTC_31d49.dir/build.make CMakeFiles/cmTC_31d49.dir/build
make[2]: Entering directory '/home/ht/slambook/ch6/ceres_curve_fitting/build/CMakeFiles/CMakeTmp'
Building C object CMakeFiles/cmTC_31d49.dir/CheckFunctionExists.c.o
/usr/bin/cc    -DCHECK_FUNCTION_EXISTS=pthread_create   -o CMakeFiles/cmTC_31d49.dir/CheckFunctionExists.c.o   -c /usr/share/cmake-3.5/Modules/CheckFunctionExists.c
Linking C executable cmTC_31d49
/usr/bin/cmake -E cmake_link_script CMakeFiles/cmTC_31d49.dir/link.txt --verbose=1
/usr/bin/cc   -DCHECK_FUNCTION_EXISTS=pthread_create    CMakeFiles/cmTC_31d49.dir/CheckFunctionExists.c.o  -o cmTC_31d49 -rdynamic -lpthreads 
/usr/bin/ld: cannot find -lpthreads
collect2: error: ld returned 1 exit status
CMakeFiles/cmTC_31d49.dir/build.make:97: recipe for target 'cmTC_31d49' failed
make[2]: *** [cmTC_31d49] Error 1
make[2]: Leaving directory '/home/ht/slambook/ch6/ceres_curve_fitting/build/CMakeFiles/CMakeTmp'
Makefile:126: recipe for target 'cmTC_31d49/fast' failed
make[1]: *** [cmTC_31d49/fast] Error 2
make[1]: Leaving directory '/home/ht/slambook/ch6/ceres_curve_fitting/build/CMakeFiles/CMakeTmp'


